#
# There is insufficient memory for the Java Runtime Environment to continue.
# Native memory allocation (malloc) failed to allocate 32744 bytes for ChunkPool::allocate
# Possible reasons:
#   The system is out of physical RAM or swap space
#   The process is running with CompressedOops enabled, and the Java Heap may be blocking the growth of the native heap
# Possible solutions:
#   Reduce memory load on the system
#   Increase physical memory or swap space
#   Check if swap backing store is full
#   Decrease Java heap size (-Xmx/-Xms)
#   Decrease number of Java threads
#   Decrease Java thread stack sizes (-Xss)
#   Set larger code cache with -XX:ReservedCodeCacheSize=
#   JVM is running with Zero Based Compressed Oops mode in which the Java heap is
#     placed in the first 32GB address space. The Java Heap base address is the
#     maximum limit for the native heap growth. Please use -XX:HeapBaseMinAddress
#     to set the Java Heap base and to place the Java Heap above 32GB virtual address.
# This output file may be truncated or incomplete.
#
#  Out of Memory Error (allocation.cpp:272), pid=21680, tid=0x0000000000000a2c
#
# JRE version: Java(TM) SE Runtime Environment (8.0_231-b11) (build 1.8.0_231-b11)
# Java VM: Java HotSpot(TM) 64-Bit Server VM (25.231-b11 mixed mode windows-amd64 compressed oops)
# Failed to write core dump. Minidumps are not enabled by default on client versions of Windows
#

---------------  T H R E A D  ---------------

Current thread (0x000000001bc26800):  JavaThread "C2 CompilerThread2" daemon [_thread_in_native, id=2604, stack(0x000000001c720000,0x000000001c820000)]

Stack: [0x000000001c720000,0x000000001c820000]
[error occurred during error reporting (printing stack bounds), id 0xc0000005]

Native frames: (J=compiled Java code, j=interpreted, Vv=VM code, C=native code)


Current CompileTask:
C2:   6070 2331   !   4       org.codehaus.plexus.interpolation.StringSearchInterpolator::interpolate (650 bytes)


---------------  P R O C E S S  ---------------

Java Threads: ( => current thread )
  0x000000001bcc3800 JavaThread "Service Thread" daemon [_thread_blocked, id=19904, stack(0x000000001c920000,0x000000001ca20000)]
  0x000000001bc2f000 JavaThread "C1 CompilerThread3" daemon [_thread_in_native, id=1288, stack(0x000000001c820000,0x000000001c920000)]
=>0x000000001bc26800 JavaThread "C2 CompilerThread2" daemon [_thread_in_native, id=2604, stack(0x000000001c720000,0x000000001c820000)]
  0x000000001bc22000 JavaThread "C2 CompilerThread1" daemon [_thread_in_native, id=14012, stack(0x000000001c620000,0x000000001c720000)]
  0x000000001bc1c000 JavaThread "C2 CompilerThread0" daemon [_thread_in_native, id=12824, stack(0x000000001c520000,0x000000001c620000)]
  0x000000001bc19000 JavaThread "Attach Listener" daemon [_thread_blocked, id=16288, stack(0x000000001c420000,0x000000001c520000)]
  0x000000001bc18000 JavaThread "Signal Dispatcher" daemon [_thread_blocked, id=15920, stack(0x000000001c320000,0x000000001c420000)]
  0x000000001bc11000 JavaThread "Finalizer" daemon [_thread_blocked, id=2600, stack(0x000000001c0f0000,0x000000001c1f0000)]
  0x000000001bc10800 JavaThread "Reference Handler" daemon [_thread_blocked, id=19988, stack(0x000000001bff0000,0x000000001c0f0000)]
  0x0000000000e9e000 JavaThread "main" [_thread_in_Java, id=2072, stack(0x0000000002750000,0x0000000002850000)]

Other Threads:
  0x0000000019e19800 VMThread [stack: 0x000000001baf0000,0x000000001bbf0000] [id=18556]
  0x000000001bcc4800 WatcherThread [stack: 0x000000001cb90000,0x000000001cc90000] [id=4172]

VM state:not at safepoint (normal execution)

VM Mutex/Monitor currently owned by a thread: None

heap address: 0x0000000701c00000, size: 3044 MB, Compressed Oops mode: Zero based, Oop shift amount: 3
Narrow klass base: 0x0000000000000000, Narrow klass shift: 3
Compressed class space size: 1073741824 Address: 0x00000007c0000000

Heap:
 PSYoungGen      total 57344K, used 32852K [0x0000000780980000, 0x0000000784980000, 0x00000007c0000000)
  eden space 49152K, 50% used [0x0000000780980000,0x0000000782196268,0x0000000783980000)
  from space 8192K, 99% used [0x0000000784180000,0x000000078497ee78,0x0000000784980000)
  to   space 8192K, 0% used [0x0000000783980000,0x0000000783980000,0x0000000784180000)
 ParOldGen       total 131072K, used 2769K [0x0000000701c00000, 0x0000000709c00000, 0x0000000780980000)
  object space 131072K, 2% used [0x0000000701c00000,0x0000000701eb4688,0x0000000709c00000)
 Metaspace       used 15615K, capacity 15956K, committed 16128K, reserved 1062912K
  class space    used 1865K, capacity 1976K, committed 2048K, reserved 1048576K

Card table byte_map: [0x0000000011d10000,0x0000000012310000] byte_map_base: 0x000000000e502000

Marking Bits: (ParMarkBitMap*) 0x0000000069ba6d90
 Begin Bits: [0x0000000012f10000, 0x0000000015ea0000)
 End Bits:   [0x0000000015ea0000, 0x0000000018e30000)

Polling page: 0x0000000000e80000

CodeCache: size=245760Kb used=7746Kb max_used=7760Kb free=238014Kb
 bounds [0x0000000002950000, 0x00000000030f0000, 0x0000000011950000]
 total_blobs=2714 nmethods=2342 adapters=284
 compilation: enabled

Compilation events (10 events):
Event: 6.031 Thread 0x000000001bc2f000 nmethod 2344 0x00000000030e6810 code [0x00000000030e6960, 0x00000000030e6a70]
Event: 6.032 Thread 0x000000001bc22000 nmethod 2332 0x00000000030e9d90 code [0x00000000030e9f80, 0x00000000030ea630]
Event: 6.032 Thread 0x000000001bc22000 2334       4       java.util.regex.Pattern$CharProperty::match (56 bytes)
Event: 6.036 Thread 0x000000001bc2f000 2345       1       org.apache.maven.model.building.ModelCacheTag$2::getType (3 bytes)
Event: 6.036 Thread 0x000000001bc2f000 nmethod 2345 0x00000000030e9ad0 code [0x00000000030e9c20, 0x00000000030e9d30]
Event: 6.042 Thread 0x000000001bc2f000 2348       3       org.eclipse.aether.DefaultRepositoryCache::get (11 bytes)
Event: 6.042 Thread 0x000000001bc2f000 nmethod 2348 0x00000000030e9650 code [0x00000000030e97c0, 0x00000000030e99e8]
Event: 6.053 Thread 0x000000001bc22000 nmethod 2334 0x00000000030ed1d0 code [0x00000000030ed3c0, 0x00000000030edf78]
Event: 6.053 Thread 0x000000001bc22000 2346       4       org.apache.maven.repository.internal.ArtifactDescriptorReaderDelegate::convert (205 bytes)
Event: 6.057 Thread 0x000000001bc2f000 2349 %     3       org.codehaus.plexus.util.xml.pull.MXParser::nextImpl @ 876 (1202 bytes)

GC Heap History (4 events):
Event: 3.511 GC heap before
{Heap before GC invocations=1 (full 0):
 PSYoungGen      total 57344K, used 49152K [0x0000000780980000, 0x0000000784980000, 0x00000007c0000000)
  eden space 49152K, 100% used [0x0000000780980000,0x0000000783980000,0x0000000783980000)
  from space 8192K, 0% used [0x0000000784180000,0x0000000784180000,0x0000000784980000)
  to   space 8192K, 0% used [0x0000000783980000,0x0000000783980000,0x0000000784180000)
 ParOldGen       total 131072K, used 0K [0x0000000701c00000, 0x0000000709c00000, 0x0000000780980000)
  object space 131072K, 0% used [0x0000000701c00000,0x0000000701c00000,0x0000000709c00000)
 Metaspace       used 9883K, capacity 9998K, committed 10240K, reserved 1058816K
  class space    used 1189K, capacity 1243K, committed 1280K, reserved 1048576K
Event: 3.523 GC heap after
Heap after GC invocations=1 (full 0):
 PSYoungGen      total 57344K, used 7452K [0x0000000780980000, 0x0000000784980000, 0x00000007c0000000)
  eden space 49152K, 0% used [0x0000000780980000,0x0000000780980000,0x0000000783980000)
  from space 8192K, 90% used [0x0000000783980000,0x00000007840c72f0,0x0000000784180000)
  to   space 8192K, 0% used [0x0000000784180000,0x0000000784180000,0x0000000784980000)
 ParOldGen       total 131072K, used 16K [0x0000000701c00000, 0x0000000709c00000, 0x0000000780980000)
  object space 131072K, 0% used [0x0000000701c00000,0x0000000701c04000,0x0000000709c00000)
 Metaspace       used 9883K, capacity 9998K, committed 10240K, reserved 1058816K
  class space    used 1189K, capacity 1243K, committed 1280K, reserved 1048576K
}
Event: 5.537 GC heap before
{Heap before GC invocations=2 (full 0):
 PSYoungGen      total 57344K, used 56604K [0x0000000780980000, 0x0000000784980000, 0x00000007c0000000)
  eden space 49152K, 100% used [0x0000000780980000,0x0000000783980000,0x0000000783980000)
  from space 8192K, 90% used [0x0000000783980000,0x00000007840c72f0,0x0000000784180000)
  to   space 8192K, 0% used [0x0000000784180000,0x0000000784180000,0x0000000784980000)
 ParOldGen       total 131072K, used 16K [0x0000000701c00000, 0x0000000709c00000, 0x0000000780980000)
  object space 131072K, 0% used [0x0000000701c00000,0x0000000701c04000,0x0000000709c00000)
 Metaspace       used 15302K, capacity 15604K, committed 15872K, reserved 1062912K
  class space    used 1836K, capacity 1944K, committed 2048K, reserved 1048576K
Event: 5.554 GC heap after
Heap after GC invocations=2 (full 0):
 PSYoungGen      total 57344K, used 8187K [0x0000000780980000, 0x0000000784980000, 0x00000007c0000000)
  eden space 49152K, 0% used [0x0000000780980000,0x0000000780980000,0x0000000783980000)
  from space 8192K, 99% used [0x0000000784180000,0x000000078497ee78,0x0000000784980000)
  to   space 8192K, 0% used [0x0000000783980000,0x0000000783980000,0x0000000784180000)
 ParOldGen       total 131072K, used 2769K [0x0000000701c00000, 0x0000000709c00000, 0x0000000780980000)
  object space 131072K, 2% used [0x0000000701c00000,0x0000000701eb4688,0x0000000709c00000)
 Metaspace       used 15302K, capacity 15604K, committed 15872K, reserved 1062912K
  class space    used 1836K, capacity 1944K, committed 2048K, reserved 1048576K
}

Deoptimization events (10 events):
Event: 5.812 Thread 0x0000000000e9e000 Uncommon trap: reason=unstable_if action=reinterpret pc=0x0000000002fdf10c method=java.util.HashMap.hash(Ljava/lang/Object;)I @ 1
Event: 5.812 Thread 0x0000000000e9e000 Uncommon trap: reason=unstable_if action=reinterpret pc=0x0000000002f921e4 method=java.util.HashMap.hash(Ljava/lang/Object;)I @ 1
Event: 5.813 Thread 0x0000000000e9e000 Uncommon trap: reason=unstable_if action=reinterpret pc=0x0000000002d517a4 method=java.util.HashMap.hash(Ljava/lang/Object;)I @ 1
Event: 5.813 Thread 0x0000000000e9e000 Uncommon trap: reason=unstable_if action=reinterpret pc=0x0000000002d1dd18 method=java.util.HashMap.hash(Ljava/lang/Object;)I @ 1
Event: 5.910 Thread 0x0000000000e9e000 Uncommon trap: reason=null_check action=make_not_entrant pc=0x00000000030c67fc method=org.apache.maven.model.validation.DefaultModelValidator.validateEffectiveDependency(Lorg/apache/maven/model/building/ModelProblemCollector;Lorg/apache/maven/model/Depend
Event: 6.010 Thread 0x0000000000e9e000 Uncommon trap: reason=class_check action=maybe_recompile pc=0x0000000002eeccac method=java.util.regex.Pattern$7.isSatisfiedBy(I)Z @ 16
Event: 6.010 Thread 0x0000000000e9e000 Uncommon trap: reason=class_check action=maybe_recompile pc=0x0000000002eeccac method=java.util.regex.Pattern$7.isSatisfiedBy(I)Z @ 16
Event: 6.010 Thread 0x0000000000e9e000 Uncommon trap: reason=class_check action=maybe_recompile pc=0x0000000002eeccac method=java.util.regex.Pattern$7.isSatisfiedBy(I)Z @ 16
Event: 6.010 Thread 0x0000000000e9e000 Uncommon trap: reason=class_check action=maybe_recompile pc=0x0000000002eeccac method=java.util.regex.Pattern$7.isSatisfiedBy(I)Z @ 16
Event: 6.057 Thread 0x0000000000e9e000 Uncommon trap: reason=unstable_if action=reinterpret pc=0x000000000305d1e4 method=org.codehaus.plexus.util.xml.pull.MXParser.nextImpl()I @ 972

Classes redefined (0 events):
No events

Internal exceptions (10 events):
Event: 4.824 Thread 0x0000000000e9e000 Exception <a 'java/lang/NullPointerException'> (0x00000007827b6420) thrown at [C:\re\workspace\8-2-build-windows-amd64-cygwin\jdk8u231\13620\hotspot\src\share\vm\interpreter\linkResolver.cpp, line 1185]
Event: 4.876 Thread 0x0000000000e9e000 Implicit null exception at 0x0000000002b58416 to 0x0000000002b587c1
Event: 4.876 Thread 0x0000000000e9e000 Implicit null exception at 0x0000000002b33696 to 0x0000000002b33a39
Event: 5.189 Thread 0x0000000000e9e000 Implicit null exception at 0x0000000002f53c67 to 0x0000000002f54f71
Event: 5.530 Thread 0x0000000000e9e000 Implicit null exception at 0x0000000002ffd87b to 0x0000000002ffdabd
Event: 5.812 Thread 0x0000000000e9e000 Implicit null exception at 0x0000000002fdee4b to 0x0000000002fdf0f5
Event: 5.812 Thread 0x0000000000e9e000 Implicit null exception at 0x0000000002f91870 to 0x0000000002f921cd
Event: 5.813 Thread 0x0000000000e9e000 Implicit null exception at 0x0000000002d51595 to 0x0000000002d51795
Event: 5.813 Thread 0x0000000000e9e000 Implicit null exception at 0x0000000002d1d85b to 0x0000000002d1dcfd
Event: 5.910 Thread 0x0000000000e9e000 Implicit null exception at 0x00000000030c6268 to 0x00000000030c67d9

Events (10 events):
Event: 6.010 Thread 0x0000000000e9e000 DEOPT UNPACKING pc=0x000000000299583b sp=0x000000000284c818 mode 2
Event: 6.010 Thread 0x0000000000e9e000 Uncommon trap: trap_request=0xffffffde fr.pc=0x0000000002eeccac
Event: 6.010 Thread 0x0000000000e9e000 DEOPT PACKING pc=0x0000000002eeccac sp=0x000000000284c8b0
Event: 6.010 Thread 0x0000000000e9e000 DEOPT UNPACKING pc=0x000000000299583b sp=0x000000000284c818 mode 2
Event: 6.010 Thread 0x0000000000e9e000 Uncommon trap: trap_request=0xffffffde fr.pc=0x0000000002eeccac
Event: 6.010 Thread 0x0000000000e9e000 DEOPT PACKING pc=0x0000000002eeccac sp=0x000000000284c8b0
Event: 6.010 Thread 0x0000000000e9e000 DEOPT UNPACKING pc=0x000000000299583b sp=0x000000000284c818 mode 2
Event: 6.057 Thread 0x0000000000e9e000 Uncommon trap: trap_request=0xffffff65 fr.pc=0x000000000305d1e4
Event: 6.057 Thread 0x0000000000e9e000 DEOPT PACKING pc=0x000000000305d1e4 sp=0x000000000284c270
Event: 6.057 Thread 0x0000000000e9e000 DEOPT UNPACKING pc=0x000000000299583b sp=0x000000000284c1d8 mode 2


Dynamic libraries:
0x00007ff7a5f60000 - 0x00007ff7a5f97000 	C:\Program Files\Java\jdk1.8.0_231\bin\javaw.exe
0x00007fff28f80000 - 0x00007fff29170000 	C:\Windows\SYSTEM32\ntdll.dll
0x00007ffefd5d0000 - 0x00007ffefd5e3000 	C:\Program Files\AVAST Software\Avast\aswhook.dll
0x00007fff27200000 - 0x00007fff272b2000 	C:\Windows\System32\KERNEL32.DLL
0x00007fff26ae0000 - 0x00007fff26d84000 	C:\Windows\System32\KERNELBASE.dll
0x00007fff28d50000 - 0x00007fff28df3000 	C:\Windows\System32\ADVAPI32.dll
0x00007fff27c00000 - 0x00007fff27c9e000 	C:\Windows\System32\msvcrt.dll
0x00007fff27330000 - 0x00007fff273c7000 	C:\Windows\System32\sechost.dll
0x00007fff28500000 - 0x00007fff28620000 	C:\Windows\System32\RPCRT4.dll
0x00007fff27440000 - 0x00007fff275d4000 	C:\Windows\System32\USER32.dll
0x00007fff25f90000 - 0x00007fff25fb1000 	C:\Windows\System32\win32u.dll
0x00007fff27880000 - 0x00007fff278a6000 	C:\Windows\System32\GDI32.dll
0x00007fff25ff0000 - 0x00007fff26185000 	C:\Windows\System32\gdi32full.dll
0x00007fff26d90000 - 0x00007fff26e2e000 	C:\Windows\System32\msvcp_win.dll
0x00007fff26190000 - 0x00007fff2628a000 	C:\Windows\System32\ucrtbase.dll
0x00007fff17c30000 - 0x00007fff17eb4000 	C:\Windows\WinSxS\amd64_microsoft.windows.common-controls_6595b64144ccf1df_6.0.18362.900_none_e6beb9d913147d17\COMCTL32.dll
0x00007fff278c0000 - 0x00007fff27bf5000 	C:\Windows\System32\combase.dll
0x00007fff25f10000 - 0x00007fff25f90000 	C:\Windows\System32\bcryptPrimitives.dll
0x00007fff28630000 - 0x00007fff2865e000 	C:\Windows\System32\IMM32.DLL
0x0000000069c30000 - 0x0000000069d02000 	C:\Program Files\Java\jdk1.8.0_231\jre\bin\msvcr100.dll
0x0000000069380000 - 0x0000000069c26000 	C:\Program Files\Java\jdk1.8.0_231\jre\bin\server\jvm.dll
0x00007fff27d50000 - 0x00007fff27d58000 	C:\Windows\System32\PSAPI.DLL
0x00007fff16190000 - 0x00007fff16199000 	C:\Windows\SYSTEM32\WSOCK32.dll
0x00007fff273d0000 - 0x00007fff2743f000 	C:\Windows\System32\WS2_32.dll
0x00007fff22360000 - 0x00007fff22384000 	C:\Windows\SYSTEM32\WINMM.dll
0x00007fff22460000 - 0x00007fff2246a000 	C:\Windows\SYSTEM32\VERSION.dll
0x00007fff21b30000 - 0x00007fff21b5d000 	C:\Windows\SYSTEM32\WINMMBASE.dll
0x00007fff26a90000 - 0x00007fff26ada000 	C:\Windows\System32\cfgmgr32.dll
0x00007ffef0cd0000 - 0x00007ffef0cdf000 	C:\Program Files\Java\jdk1.8.0_231\jre\bin\verify.dll
0x00007ffecd6c0000 - 0x00007ffecd6e9000 	C:\Program Files\Java\jdk1.8.0_231\jre\bin\java.dll
0x00007ffecd8d0000 - 0x00007ffecd8e6000 	C:\Program Files\Java\jdk1.8.0_231\jre\bin\zip.dll
0x00007fff28660000 - 0x00007fff28d46000 	C:\Windows\System32\SHELL32.dll
0x00007fff28380000 - 0x00007fff28429000 	C:\Windows\System32\shcore.dll
0x00007fff26310000 - 0x00007fff26a90000 	C:\Windows\System32\windows.storage.dll
0x00007fff25e70000 - 0x00007fff25e93000 	C:\Windows\System32\profapi.dll
0x00007fff25ec0000 - 0x00007fff25f0a000 	C:\Windows\System32\powrprof.dll
0x00007fff25e40000 - 0x00007fff25e50000 	C:\Windows\System32\UMPDC.dll
0x00007fff271a0000 - 0x00007fff271f2000 	C:\Windows\System32\shlwapi.dll
0x00007fff25e50000 - 0x00007fff25e61000 	C:\Windows\System32\kernel.appcore.dll
0x00007fff262f0000 - 0x00007fff26307000 	C:\Windows\System32\cryptsp.dll
0x00007fff251e0000 - 0x00007fff25213000 	C:\Windows\system32\rsaenh.dll
0x00007fff25fc0000 - 0x00007fff25fe6000 	C:\Windows\System32\bcrypt.dll
0x00007fff25d60000 - 0x00007fff25d85000 	C:\Windows\SYSTEM32\USERENV.dll
0x00007fff257e0000 - 0x00007fff257ec000 	C:\Windows\SYSTEM32\CRYPTBASE.dll
0x00007ffecd000000 - 0x00007ffecd01a000 	C:\Program Files\Java\jdk1.8.0_231\jre\bin\net.dll
0x00007fff25660000 - 0x00007fff256c7000 	C:\Windows\system32\mswsock.dll
0x00007fff25380000 - 0x00007fff253ba000 	C:\Windows\SYSTEM32\IPHLPAPI.DLL
0x00007fff28620000 - 0x00007fff28628000 	C:\Windows\System32\NSI.dll
0x00007fff1fd60000 - 0x00007fff1fd76000 	C:\Windows\SYSTEM32\dhcpcsvc6.DLL
0x00007fff1fd40000 - 0x00007fff1fd5c000 	C:\Windows\SYSTEM32\dhcpcsvc.DLL
0x00007fff253c0000 - 0x00007fff2548b000 	C:\Windows\SYSTEM32\DNSAPI.dll
0x00007ffeccfe0000 - 0x00007ffeccff2000 	C:\Program Files\Java\jdk1.8.0_231\jre\bin\nio.dll
0x00007ffefe280000 - 0x00007ffefe28a000 	C:\Users\MALIKA\AppData\Local\Temp\jansi-1.17.1-6152182990132040673.dll
0x00007ffefd000000 - 0x00007ffefd00a000 	C:\Users\MALIKA\AppData\Local\Temp\jansi-1.17.1-7645368751914699193.dll

VM Arguments:
jvm_args: -Dmaven.home=EMBEDDED -Dclassworlds.conf=C:\Users\MALIKA\eclipse-workspace\.metadata\.plugins\org.eclipse.m2e.launching\launches\m2conf2286799255854816105.tmp -Dmaven.multiModuleProjectDirectory=C:\Users\MALIKA\Desktop\JEE Projet\API REST JEE et JWT\UserApi -Dfile.encoding=Cp1252 
java_command: org.codehaus.plexus.classworlds.launcher.Launcher -B spring-boot:run
java_class_path (initial): C:\Program Files\eclipse\plugins\org.eclipse.m2e.maven.runtime_1.14.0.20191209-1923\jars\plexus-classworlds-2.6.0.jar
Launcher Type: SUN_STANDARD

Environment Variables:
PATH=C:/Program Files/Java/jre1.8.0_231/bin/server;C:/Program Files/Java/jre1.8.0_231/bin;C:/Program Files/Java/jre1.8.0_231/lib/amd64;C:\Program Files (x86)\Common Files\Oracle\Java\javapath;C:\Windows\system32;C:\Windows;C:\Windows\System32\Wbem;C:\Windows\System32\WindowsPowerShell\v1.0\;C:\Windows\System32\OpenSSH\;C:\Program Files (x86)\Windows Live\Shared;C:\Program Files\Git\cmd;C:\Program Files\Microsoft SQL Server\130\Tools\Binn\;C:\Program Files\Microsoft SQL Server\Client SDK\ODBC\170\Tools\Binn\;C:\Program Files (x86)\Microsoft SQL Server\150\Tools\Binn\;C:\Program Files\Microsoft SQL Server\150\Tools\Binn\;C:\Program Files\Microsoft SQL Server\150\DTS\Binn\;C:\Program Files (x86)\Microsoft SQL Server\150\DTS\Binn\;C:\Program Files\nodejs\;D:\Downloads\proto\bin;;C:\Program Files\Docker\Docker\resources\bin;C:\ProgramData\DockerDesktop\version-bin;%USERPROFILE%\AppData\Local\Microsoft\WindowsApps;%DASHLANE_DLL_DIR%;%IntelliJ IDEA%;C:\Users\MALIKA\AppData\Roaming\npm;C:\Users\MALIKA\AppData\Local\Programs\Microsoft VS Code\bin;C:\Users\MALIKA\AppData\Local\hyper\app-3.0.2\resources\bin;C:\Program Files\eclipse;
USERNAME=MALIKA
OS=Windows_NT
PROCESSOR_IDENTIFIER=Intel64 Family 6 Model 58 Stepping 9, GenuineIntel



---------------  S Y S T E M  ---------------

OS: Windows 10.0 , 64 bit Build 18362 (10.0.18362.900)

CPU:total 8 (initial active 8) (4 cores per cpu, 2 threads per core) family 6 model 58 stepping 9, cmov, cx8, fxsr, mmx, sse, sse2, sse3, ssse3, sse4.1, sse4.2, popcnt, avx, aes, clmul, erms, ht, tsc, tscinvbit, tscinv

Memory: 4k page, physical 12465684k(1679076k free), swap 22006744k(124k free)

vm_info: Java HotSpot(TM) 64-Bit Server VM (25.231-b11) for windows-amd64 JRE (1.8.0_231-b11), built on Oct  5 2019 03:11:30 by "java_re" with MS VC++ 10.0 (VS2010)

time: Mon Jun 22 13:31:14 2020
timezone: Maroc (heure d’été)
elapsed time: 6 seconds (0d 0h 0m 6s)

